/home/user/bitoguard-hackathon/bitoguard_core/official/features.py:320: PerformanceWarning: DataFrame is highly fragmented.  This is usually the result of calling `frame.insert` many times, which has poor performance.  Consider joining all columns at once using pd.concat(axis=1) instead. To get a de-fragmented frame, use `newframe = frame.copy()`
  features["twd_net_amount"] = features["twd_deposit_sum"] - features["twd_withdraw_sum"]
/home/user/bitoguard-hackathon/bitoguard_core/official/features.py:321: PerformanceWarning: DataFrame is highly fragmented.  This is usually the result of calling `frame.insert` many times, which has poor performance.  Consider joining all columns at once using pd.concat(axis=1) instead. To get a de-fragmented frame, use `newframe = frame.copy()`
  features["twd_in_out_ratio"] = safe_ratio(features["twd_deposit_sum"], features["twd_withdraw_sum"])
/home/user/bitoguard-hackathon/bitoguard_core/official/features.py:322: PerformanceWarning: DataFrame is highly fragmented.  This is usually the result of calling `frame.insert` many times, which has poor performance.  Consider joining all columns at once using pd.concat(axis=1) instead. To get a de-fragmented frame, use `newframe = frame.copy()`
  features["twd_withdraw_concentration"] = safe_ratio(features["twd_withdraw_max"], features["twd_withdraw_sum"])
/home/user/bitoguard-hackathon/bitoguard_core/official/features.py:323: PerformanceWarning: DataFrame is highly fragmented.  This is usually the result of calling `frame.insert` many times, which has poor performance.  Consider joining all columns at once using pd.concat(axis=1) instead. To get a de-fragmented frame, use `newframe = frame.copy()`
  features["crypto_net_amount"] = features["crypto_deposit_sum"] - features["crypto_withdraw_sum"]
/home/user/bitoguard-hackathon/bitoguard_core/official/features.py:324: PerformanceWarning: DataFrame is highly fragmented.  This is usually the result of calling `frame.insert` many times, which has poor performance.  Consider joining all columns at once using pd.concat(axis=1) instead. To get a de-fragmented frame, use `newframe = frame.copy()`
  features["crypto_in_out_ratio"] = safe_ratio(features["crypto_deposit_sum"], features["crypto_withdraw_sum"])
/home/user/bitoguard-hackathon/bitoguard_core/official/features.py:325: PerformanceWarning: DataFrame is highly fragmented.  This is usually the result of calling `frame.insert` many times, which has poor performance.  Consider joining all columns at once using pd.concat(axis=1) instead. To get a de-fragmented frame, use `newframe = frame.copy()`
  features["relation_fan_out_ratio"] = safe_ratio(features["relation_unique_counterparty_count"], features["relation_transfer_count"])
/home/user/bitoguard-hackathon/bitoguard_core/official/features.py:326: PerformanceWarning: DataFrame is highly fragmented.  This is usually the result of calling `frame.insert` many times, which has poor performance.  Consider joining all columns at once using pd.concat(axis=1) instead. To get a de-fragmented frame, use `newframe = frame.copy()`
  features["trade_buy_sell_ratio"] = safe_ratio(features["order_buy_sum"], features["order_sell_sum"])
/home/user/bitoguard-hackathon/bitoguard_core/official/features.py:327: PerformanceWarning: DataFrame is highly fragmented.  This is usually the result of calling `frame.insert` many times, which has poor performance.  Consider joining all columns at once using pd.concat(axis=1) instead. To get a de-fragmented frame, use `newframe = frame.copy()`
  features["swap_buy_sell_ratio"] = safe_ratio(features["swap_buy_sum"], features["swap_sell_sum"])
/home/user/bitoguard-hackathon/bitoguard_core/official/features.py:328: PerformanceWarning: DataFrame is highly fragmented.  This is usually the result of calling `frame.insert` many times, which has poor performance.  Consider joining all columns at once using pd.concat(axis=1) instead. To get a de-fragmented frame, use `newframe = frame.copy()`
  features["activity_days_total"] = features[["twd_active_days", "crypto_active_days", "trade_active_days", "swap_active_days"]].sum(axis=1)
/home/user/bitoguard-hackathon/bitoguard_core/official/features.py:329: PerformanceWarning: DataFrame is highly fragmented.  This is usually the result of calling `frame.insert` many times, which has poor performance.  Consider joining all columns at once using pd.concat(axis=1) instead. To get a de-fragmented frame, use `newframe = frame.copy()`
  features["night_activity_ratio"] = (
/home/user/bitoguard-hackathon/bitoguard_core/official/features.py:336: PerformanceWarning: DataFrame is highly fragmented.  This is usually the result of calling `frame.insert` many times, which has poor performance.  Consider joining all columns at once using pd.concat(axis=1) instead. To get a de-fragmented frame, use `newframe = frame.copy()`
  features["fast_cashout_24h_flag"] = (features["fast_cashout_24h_count"] > 0).astype(int)
/home/user/bitoguard-hackathon/bitoguard_core/official/features.py:337: PerformanceWarning: DataFrame is highly fragmented.  This is usually the result of calling `frame.insert` many times, which has poor performance.  Consider joining all columns at once using pd.concat(axis=1) instead. To get a de-fragmented frame, use `newframe = frame.copy()`
  features["fast_cashout_72h_flag"] = (features["fast_cashout_72h_count"] > 0).astype(int)
/home/user/bitoguard-hackathon/bitoguard_core/shared/aws_common.py:71: FutureWarning: Downcasting behavior in `replace` is deprecated and will be removed in a future version. To retain the old behavior, explicitly call `result.infer_objects(copy=False)`. To opt-in to the future behavior, set `pd.set_option('future.no_silent_downcasting', True)`
  return (numerator / denominator).replace([np.inf, -np.inf], np.nan).fillna(0.0)
/home/user/bitoguard-hackathon/bitoguard_core/official/features.py:352: PerformanceWarning: DataFrame is highly fragmented.  This is usually the result of calling `frame.insert` many times, which has poor performance.  Consider joining all columns at once using pd.concat(axis=1) instead. To get a de-fragmented frame, use `newframe = frame.copy()`
  features["xch_cashout_ratio_7d"] = safe_ratio(cwd_7d, dep_7d + 1.0)
/home/user/bitoguard-hackathon/bitoguard_core/features/typology_features.py:34: FutureWarning: Downcasting object dtype arrays on .fillna, .ffill, .bfill is deprecated and will change in a future version. Call result.infer_objects(copy=False) instead. To opt-in to the future behavior, set `pd.set_option('future.no_silent_downcasting', True)`
  return base[col].fillna(fill)
/home/user/bitoguard-hackathon/bitoguard_core/features/typology_features.py:34: FutureWarning: Downcasting object dtype arrays on .fillna, .ffill, .bfill is deprecated and will change in a future version. Call result.infer_objects(copy=False) instead. To opt-in to the future behavior, set `pd.set_option('future.no_silent_downcasting', True)`
  return base[col].fillna(fill)
/home/user/bitoguard-hackathon/bitoguard_core/shared/aws_common.py:79: FutureWarning: The behavior of Index.insert with object-dtype is deprecated, in a future version this will return an object-dtype Index instead of inferring a non-object dtype. To retain the old behavior, do `idx.insert(loc, item).infer_objects(copy=False)`
  encoded = pd.get_dummies(frame[columns].copy(), dummy_na=True)
/home/user/bitoguard-hackathon/bitoguard_core/shared/aws_common.py:79: FutureWarning: The behavior of Index.insert with object-dtype is deprecated, in a future version this will return an object-dtype Index instead of inferring a non-object dtype. To retain the old behavior, do `idx.insert(loc, item).infer_objects(copy=False)`
  encoded = pd.get_dummies(frame[columns].copy(), dummy_na=True)
/home/user/bitoguard-hackathon/bitoguard_core/shared/aws_common.py:79: FutureWarning: The behavior of Index.insert with object-dtype is deprecated, in a future version this will return an object-dtype Index instead of inferring a non-object dtype. To retain the old behavior, do `idx.insert(loc, item).infer_objects(copy=False)`
  encoded = pd.get_dummies(frame[columns].copy(), dummy_na=True)
/home/user/bitoguard-hackathon/bitoguard_core/shared/aws_common.py:79: FutureWarning: The behavior of Index.insert with object-dtype is deprecated, in a future version this will return an object-dtype Index instead of inferring a non-object dtype. To retain the old behavior, do `idx.insert(loc, item).infer_objects(copy=False)`
  encoded = pd.get_dummies(frame[columns].copy(), dummy_na=True)
/home/user/bitoguard-hackathon/bitoguard_core/shared/aws_common.py:79: FutureWarning: The behavior of Index.insert with object-dtype is deprecated, in a future version this will return an object-dtype Index instead of inferring a non-object dtype. To retain the old behavior, do `idx.insert(loc, item).infer_objects(copy=False)`
  encoded = pd.get_dummies(frame[columns].copy(), dummy_na=True)
/home/user/bitoguard-hackathon/bitoguard_core/shared/aws_common.py:79: FutureWarning: The behavior of Index.insert with object-dtype is deprecated, in a future version this will return an object-dtype Index instead of inferring a non-object dtype. To retain the old behavior, do `idx.insert(loc, item).infer_objects(copy=False)`
  encoded = pd.get_dummies(frame[columns].copy(), dummy_na=True)
/home/user/bitoguard-hackathon/bitoguard_core/shared/aws_common.py:79: FutureWarning: The behavior of Index.insert with object-dtype is deprecated, in a future version this will return an object-dtype Index instead of inferring a non-object dtype. To retain the old behavior, do `idx.insert(loc, item).infer_objects(copy=False)`
  encoded = pd.get_dummies(frame[columns].copy(), dummy_na=True)
/home/user/bitoguard-hackathon/bitoguard_core/shared/aws_common.py:79: FutureWarning: The behavior of Index.insert with object-dtype is deprecated, in a future version this will return an object-dtype Index instead of inferring a non-object dtype. To retain the old behavior, do `idx.insert(loc, item).infer_objects(copy=False)`
  encoded = pd.get_dummies(frame[columns].copy(), dummy_na=True)
/home/user/bitoguard-hackathon/bitoguard_core/shared/aws_common.py:79: FutureWarning: The behavior of Index.insert with object-dtype is deprecated, in a future version this will return an object-dtype Index instead of inferring a non-object dtype. To retain the old behavior, do `idx.insert(loc, item).infer_objects(copy=False)`
  encoded = pd.get_dummies(frame[columns].copy(), dummy_na=True)
/home/user/bitoguard-hackathon/bitoguard_core/shared/aws_common.py:79: FutureWarning: The behavior of Index.insert with object-dtype is deprecated, in a future version this will return an object-dtype Index instead of inferring a non-object dtype. To retain the old behavior, do `idx.insert(loc, item).infer_objects(copy=False)`
  encoded = pd.get_dummies(frame[columns].copy(), dummy_na=True)
/home/user/bitoguard-hackathon/bitoguard_core/shared/aws_common.py:79: FutureWarning: The behavior of Index.insert with object-dtype is deprecated, in a future version this will return an object-dtype Index instead of inferring a non-object dtype. To retain the old behavior, do `idx.insert(loc, item).infer_objects(copy=False)`
  encoded = pd.get_dummies(frame[columns].copy(), dummy_na=True)
/home/user/bitoguard-hackathon/bitoguard_core/shared/aws_common.py:79: FutureWarning: The behavior of Index.insert with object-dtype is deprecated, in a future version this will return an object-dtype Index instead of inferring a non-object dtype. To retain the old behavior, do `idx.insert(loc, item).infer_objects(copy=False)`
  encoded = pd.get_dummies(frame[columns].copy(), dummy_na=True)
/home/user/bitoguard-hackathon/bitoguard_core/shared/aws_common.py:79: FutureWarning: The behavior of Index.insert with object-dtype is deprecated, in a future version this will return an object-dtype Index instead of inferring a non-object dtype. To retain the old behavior, do `idx.insert(loc, item).infer_objects(copy=False)`
  encoded = pd.get_dummies(frame[columns].copy(), dummy_na=True)
/home/user/bitoguard-hackathon/bitoguard_core/shared/aws_common.py:79: FutureWarning: The behavior of Index.insert with object-dtype is deprecated, in a future version this will return an object-dtype Index instead of inferring a non-object dtype. To retain the old behavior, do `idx.insert(loc, item).infer_objects(copy=False)`
  encoded = pd.get_dummies(frame[columns].copy(), dummy_na=True)
/home/user/bitoguard-hackathon/bitoguard_core/shared/aws_common.py:79: FutureWarning: The behavior of Index.insert with object-dtype is deprecated, in a future version this will return an object-dtype Index instead of inferring a non-object dtype. To retain the old behavior, do `idx.insert(loc, item).infer_objects(copy=False)`
  encoded = pd.get_dummies(frame[columns].copy(), dummy_na=True)
/home/user/bitoguard-hackathon/bitoguard_core/shared/aws_common.py:79: FutureWarning: The behavior of Index.insert with object-dtype is deprecated, in a future version this will return an object-dtype Index instead of inferring a non-object dtype. To retain the old behavior, do `idx.insert(loc, item).infer_objects(copy=False)`
  encoded = pd.get_dummies(frame[columns].copy(), dummy_na=True)
/home/user/bitoguard-hackathon/bitoguard_core/shared/aws_common.py:79: FutureWarning: The behavior of Index.insert with object-dtype is deprecated, in a future version this will return an object-dtype Index instead of inferring a non-object dtype. To retain the old behavior, do `idx.insert(loc, item).infer_objects(copy=False)`
  encoded = pd.get_dummies(frame[columns].copy(), dummy_na=True)
/home/user/bitoguard-hackathon/bitoguard_core/shared/aws_common.py:79: FutureWarning: The behavior of Index.insert with object-dtype is deprecated, in a future version this will return an object-dtype Index instead of inferring a non-object dtype. To retain the old behavior, do `idx.insert(loc, item).infer_objects(copy=False)`
  encoded = pd.get_dummies(frame[columns].copy(), dummy_na=True)
/home/user/bitoguard-hackathon/bitoguard_core/shared/aws_common.py:79: FutureWarning: The behavior of Index.insert with object-dtype is deprecated, in a future version this will return an object-dtype Index instead of inferring a non-object dtype. To retain the old behavior, do `idx.insert(loc, item).infer_objects(copy=False)`
  encoded = pd.get_dummies(frame[columns].copy(), dummy_na=True)
/home/user/bitoguard-hackathon/bitoguard_core/shared/aws_common.py:79: FutureWarning: The behavior of Index.insert with object-dtype is deprecated, in a future version this will return an object-dtype Index instead of inferring a non-object dtype. To retain the old behavior, do `idx.insert(loc, item).infer_objects(copy=False)`
  encoded = pd.get_dummies(frame[columns].copy(), dummy_na=True)
/home/user/bitoguard-hackathon/bitoguard_core/shared/aws_common.py:79: FutureWarning: The behavior of Index.insert with object-dtype is deprecated, in a future version this will return an object-dtype Index instead of inferring a non-object dtype. To retain the old behavior, do `idx.insert(loc, item).infer_objects(copy=False)`
  encoded = pd.get_dummies(frame[columns].copy(), dummy_na=True)
/home/user/bitoguard-hackathon/bitoguard_core/shared/aws_common.py:79: FutureWarning: The behavior of Index.insert with object-dtype is deprecated, in a future version this will return an object-dtype Index instead of inferring a non-object dtype. To retain the old behavior, do `idx.insert(loc, item).infer_objects(copy=False)`
  encoded = pd.get_dummies(frame[columns].copy(), dummy_na=True)
/home/user/bitoguard-hackathon/bitoguard_core/shared/aws_common.py:79: FutureWarning: The behavior of Index.insert with object-dtype is deprecated, in a future version this will return an object-dtype Index instead of inferring a non-object dtype. To retain the old behavior, do `idx.insert(loc, item).infer_objects(copy=False)`
  encoded = pd.get_dummies(frame[columns].copy(), dummy_na=True)
/home/user/bitoguard-hackathon/bitoguard_core/shared/aws_common.py:79: FutureWarning: The behavior of Index.insert with object-dtype is deprecated, in a future version this will return an object-dtype Index instead of inferring a non-object dtype. To retain the old behavior, do `idx.insert(loc, item).infer_objects(copy=False)`
  encoded = pd.get_dummies(frame[columns].copy(), dummy_na=True)
/home/user/bitoguard-hackathon/bitoguard_core/shared/aws_common.py:79: FutureWarning: The behavior of Index.insert with object-dtype is deprecated, in a future version this will return an object-dtype Index instead of inferring a non-object dtype. To retain the old behavior, do `idx.insert(loc, item).infer_objects(copy=False)`
  encoded = pd.get_dummies(frame[columns].copy(), dummy_na=True)
/home/user/bitoguard-hackathon/bitoguard_core/shared/aws_common.py:79: FutureWarning: The behavior of Index.insert with object-dtype is deprecated, in a future version this will return an object-dtype Index instead of inferring a non-object dtype. To retain the old behavior, do `idx.insert(loc, item).infer_objects(copy=False)`
  encoded = pd.get_dummies(frame[columns].copy(), dummy_na=True)
/home/user/bitoguard-hackathon/bitoguard_core/shared/aws_common.py:79: FutureWarning: The behavior of Index.insert with object-dtype is deprecated, in a future version this will return an object-dtype Index instead of inferring a non-object dtype. To retain the old behavior, do `idx.insert(loc, item).infer_objects(copy=False)`
  encoded = pd.get_dummies(frame[columns].copy(), dummy_na=True)
/home/user/bitoguard-hackathon/bitoguard_core/shared/aws_common.py:79: FutureWarning: The behavior of Index.insert with object-dtype is deprecated, in a future version this will return an object-dtype Index instead of inferring a non-object dtype. To retain the old behavior, do `idx.insert(loc, item).infer_objects(copy=False)`
  encoded = pd.get_dummies(frame[columns].copy(), dummy_na=True)
/home/user/bitoguard-hackathon/bitoguard_core/shared/aws_common.py:79: FutureWarning: The behavior of Index.insert with object-dtype is deprecated, in a future version this will return an object-dtype Index instead of inferring a non-object dtype. To retain the old behavior, do `idx.insert(loc, item).infer_objects(copy=False)`
  encoded = pd.get_dummies(frame[columns].copy(), dummy_na=True)
/home/user/bitoguard-hackathon/bitoguard_core/shared/aws_common.py:79: FutureWarning: The behavior of Index.insert with object-dtype is deprecated, in a future version this will return an object-dtype Index instead of inferring a non-object dtype. To retain the old behavior, do `idx.insert(loc, item).infer_objects(copy=False)`
  encoded = pd.get_dummies(frame[columns].copy(), dummy_na=True)
/home/user/bitoguard-hackathon/bitoguard_core/shared/aws_common.py:79: FutureWarning: The behavior of Index.insert with object-dtype is deprecated, in a future version this will return an object-dtype Index instead of inferring a non-object dtype. To retain the old behavior, do `idx.insert(loc, item).infer_objects(copy=False)`
  encoded = pd.get_dummies(frame[columns].copy(), dummy_na=True)
/home/user/bitoguard-hackathon/bitoguard_core/shared/aws_common.py:79: FutureWarning: The behavior of Index.insert with object-dtype is deprecated, in a future version this will return an object-dtype Index instead of inferring a non-object dtype. To retain the old behavior, do `idx.insert(loc, item).infer_objects(copy=False)`
  encoded = pd.get_dummies(frame[columns].copy(), dummy_na=True)
/home/user/bitoguard-hackathon/bitoguard_core/shared/aws_common.py:79: FutureWarning: The behavior of Index.insert with object-dtype is deprecated, in a future version this will return an object-dtype Index instead of inferring a non-object dtype. To retain the old behavior, do `idx.insert(loc, item).infer_objects(copy=False)`
  encoded = pd.get_dummies(frame[columns].copy(), dummy_na=True)
/home/user/bitoguard-hackathon/bitoguard_core/shared/aws_common.py:79: FutureWarning: The behavior of Index.insert with object-dtype is deprecated, in a future version this will return an object-dtype Index instead of inferring a non-object dtype. To retain the old behavior, do `idx.insert(loc, item).infer_objects(copy=False)`
  encoded = pd.get_dummies(frame[columns].copy(), dummy_na=True)
/home/user/bitoguard-hackathon/bitoguard_core/shared/aws_common.py:79: FutureWarning: The behavior of Index.insert with object-dtype is deprecated, in a future version this will return an object-dtype Index instead of inferring a non-object dtype. To retain the old behavior, do `idx.insert(loc, item).infer_objects(copy=False)`
  encoded = pd.get_dummies(frame[columns].copy(), dummy_na=True)
/home/user/bitoguard-hackathon/bitoguard_core/shared/aws_common.py:79: FutureWarning: The behavior of Index.insert with object-dtype is deprecated, in a future version this will return an object-dtype Index instead of inferring a non-object dtype. To retain the old behavior, do `idx.insert(loc, item).infer_objects(copy=False)`
  encoded = pd.get_dummies(frame[columns].copy(), dummy_na=True)
/home/user/bitoguard-hackathon/bitoguard_core/shared/aws_common.py:79: FutureWarning: The behavior of Index.insert with object-dtype is deprecated, in a future version this will return an object-dtype Index instead of inferring a non-object dtype. To retain the old behavior, do `idx.insert(loc, item).infer_objects(copy=False)`
  encoded = pd.get_dummies(frame[columns].copy(), dummy_na=True)
/home/user/bitoguard-hackathon/bitoguard_core/shared/aws_common.py:79: FutureWarning: The behavior of Index.insert with object-dtype is deprecated, in a future version this will return an object-dtype Index instead of inferring a non-object dtype. To retain the old behavior, do `idx.insert(loc, item).infer_objects(copy=False)`
  encoded = pd.get_dummies(frame[columns].copy(), dummy_na=True)
/home/user/bitoguard-hackathon/bitoguard_core/shared/aws_common.py:79: FutureWarning: The behavior of Index.insert with object-dtype is deprecated, in a future version this will return an object-dtype Index instead of inferring a non-object dtype. To retain the old behavior, do `idx.insert(loc, item).infer_objects(copy=False)`
  encoded = pd.get_dummies(frame[columns].copy(), dummy_na=True)
/home/user/bitoguard-hackathon/bitoguard_core/shared/aws_common.py:79: FutureWarning: The behavior of Index.insert with object-dtype is deprecated, in a future version this will return an object-dtype Index instead of inferring a non-object dtype. To retain the old behavior, do `idx.insert(loc, item).infer_objects(copy=False)`
  encoded = pd.get_dummies(frame[columns].copy(), dummy_na=True)
/home/user/bitoguard-hackathon/bitoguard_core/shared/aws_common.py:79: FutureWarning: The behavior of Index.insert with object-dtype is deprecated, in a future version this will return an object-dtype Index instead of inferring a non-object dtype. To retain the old behavior, do `idx.insert(loc, item).infer_objects(copy=False)`
  encoded = pd.get_dummies(frame[columns].copy(), dummy_na=True)
/home/user/bitoguard-hackathon/bitoguard_core/shared/aws_common.py:79: FutureWarning: The behavior of Index.insert with object-dtype is deprecated, in a future version this will return an object-dtype Index instead of inferring a non-object dtype. To retain the old behavior, do `idx.insert(loc, item).infer_objects(copy=False)`
  encoded = pd.get_dummies(frame[columns].copy(), dummy_na=True)
/home/user/bitoguard-hackathon/bitoguard_core/shared/aws_common.py:79: FutureWarning: The behavior of Index.insert with object-dtype is deprecated, in a future version this will return an object-dtype Index instead of inferring a non-object dtype. To retain the old behavior, do `idx.insert(loc, item).infer_objects(copy=False)`
  encoded = pd.get_dummies(frame[columns].copy(), dummy_na=True)
/home/user/bitoguard-hackathon/bitoguard_core/shared/aws_common.py:79: FutureWarning: The behavior of Index.insert with object-dtype is deprecated, in a future version this will return an object-dtype Index instead of inferring a non-object dtype. To retain the old behavior, do `idx.insert(loc, item).infer_objects(copy=False)`
  encoded = pd.get_dummies(frame[columns].copy(), dummy_na=True)
/home/user/bitoguard-hackathon/bitoguard_core/shared/aws_common.py:79: FutureWarning: The behavior of Index.insert with object-dtype is deprecated, in a future version this will return an object-dtype Index instead of inferring a non-object dtype. To retain the old behavior, do `idx.insert(loc, item).infer_objects(copy=False)`
  encoded = pd.get_dummies(frame[columns].copy(), dummy_na=True)
/home/user/bitoguard-hackathon/bitoguard_core/shared/aws_common.py:79: FutureWarning: The behavior of Index.insert with object-dtype is deprecated, in a future version this will return an object-dtype Index instead of inferring a non-object dtype. To retain the old behavior, do `idx.insert(loc, item).infer_objects(copy=False)`
  encoded = pd.get_dummies(frame[columns].copy(), dummy_na=True)
/home/user/bitoguard-hackathon/bitoguard_core/shared/aws_common.py:79: FutureWarning: The behavior of Index.insert with object-dtype is deprecated, in a future version this will return an object-dtype Index instead of inferring a non-object dtype. To retain the old behavior, do `idx.insert(loc, item).infer_objects(copy=False)`
  encoded = pd.get_dummies(frame[columns].copy(), dummy_na=True)
/home/user/bitoguard-hackathon/bitoguard_core/shared/aws_common.py:79: FutureWarning: The behavior of Index.insert with object-dtype is deprecated, in a future version this will return an object-dtype Index instead of inferring a non-object dtype. To retain the old behavior, do `idx.insert(loc, item).infer_objects(copy=False)`
  encoded = pd.get_dummies(frame[columns].copy(), dummy_na=True)
/home/user/bitoguard-hackathon/bitoguard_core/shared/aws_common.py:79: FutureWarning: The behavior of Index.insert with object-dtype is deprecated, in a future version this will return an object-dtype Index instead of inferring a non-object dtype. To retain the old behavior, do `idx.insert(loc, item).infer_objects(copy=False)`
  encoded = pd.get_dummies(frame[columns].copy(), dummy_na=True)
/home/user/bitoguard-hackathon/bitoguard_core/shared/aws_common.py:79: FutureWarning: The behavior of Index.insert with object-dtype is deprecated, in a future version this will return an object-dtype Index instead of inferring a non-object dtype. To retain the old behavior, do `idx.insert(loc, item).infer_objects(copy=False)`
  encoded = pd.get_dummies(frame[columns].copy(), dummy_na=True)
/home/user/bitoguard-hackathon/bitoguard_core/shared/aws_common.py:79: FutureWarning: The behavior of Index.insert with object-dtype is deprecated, in a future version this will return an object-dtype Index instead of inferring a non-object dtype. To retain the old behavior, do `idx.insert(loc, item).infer_objects(copy=False)`
  encoded = pd.get_dummies(frame[columns].copy(), dummy_na=True)
/home/user/bitoguard-hackathon/bitoguard_core/shared/aws_common.py:79: FutureWarning: The behavior of Index.insert with object-dtype is deprecated, in a future version this will return an object-dtype Index instead of inferring a non-object dtype. To retain the old behavior, do `idx.insert(loc, item).infer_objects(copy=False)`
  encoded = pd.get_dummies(frame[columns].copy(), dummy_na=True)
/home/user/bitoguard-hackathon/bitoguard_core/shared/aws_common.py:79: FutureWarning: The behavior of Index.insert with object-dtype is deprecated, in a future version this will return an object-dtype Index instead of inferring a non-object dtype. To retain the old behavior, do `idx.insert(loc, item).infer_objects(copy=False)`
  encoded = pd.get_dummies(frame[columns].copy(), dummy_na=True)
/home/user/bitoguard-hackathon/bitoguard_core/shared/aws_common.py:79: FutureWarning: The behavior of Index.insert with object-dtype is deprecated, in a future version this will return an object-dtype Index instead of inferring a non-object dtype. To retain the old behavior, do `idx.insert(loc, item).infer_objects(copy=False)`
  encoded = pd.get_dummies(frame[columns].copy(), dummy_na=True)
/home/user/bitoguard-hackathon/bitoguard_core/shared/aws_common.py:79: FutureWarning: The behavior of Index.insert with object-dtype is deprecated, in a future version this will return an object-dtype Index instead of inferring a non-object dtype. To retain the old behavior, do `idx.insert(loc, item).infer_objects(copy=False)`
  encoded = pd.get_dummies(frame[columns].copy(), dummy_na=True)
/home/user/bitoguard-hackathon/bitoguard_core/shared/aws_common.py:79: FutureWarning: The behavior of Index.insert with object-dtype is deprecated, in a future version this will return an object-dtype Index instead of inferring a non-object dtype. To retain the old behavior, do `idx.insert(loc, item).infer_objects(copy=False)`
  encoded = pd.get_dummies(frame[columns].copy(), dummy_na=True)
/home/user/bitoguard-hackathon/bitoguard_core/shared/aws_common.py:79: FutureWarning: The behavior of Index.insert with object-dtype is deprecated, in a future version this will return an object-dtype Index instead of inferring a non-object dtype. To retain the old behavior, do `idx.insert(loc, item).infer_objects(copy=False)`
  encoded = pd.get_dummies(frame[columns].copy(), dummy_na=True)
/home/user/bitoguard-hackathon/bitoguard_core/shared/aws_common.py:79: FutureWarning: The behavior of Index.insert with object-dtype is deprecated, in a future version this will return an object-dtype Index instead of inferring a non-object dtype. To retain the old behavior, do `idx.insert(loc, item).infer_objects(copy=False)`
  encoded = pd.get_dummies(frame[columns].copy(), dummy_na=True)
/home/user/bitoguard-hackathon/bitoguard_core/shared/aws_common.py:79: FutureWarning: The behavior of Index.insert with object-dtype is deprecated, in a future version this will return an object-dtype Index instead of inferring a non-object dtype. To retain the old behavior, do `idx.insert(loc, item).infer_objects(copy=False)`
  encoded = pd.get_dummies(frame[columns].copy(), dummy_na=True)
/home/user/bitoguard-hackathon/bitoguard_core/shared/aws_common.py:79: FutureWarning: The behavior of Index.insert with object-dtype is deprecated, in a future version this will return an object-dtype Index instead of inferring a non-object dtype. To retain the old behavior, do `idx.insert(loc, item).infer_objects(copy=False)`
  encoded = pd.get_dummies(frame[columns].copy(), dummy_na=True)
/home/user/bitoguard-hackathon/bitoguard_core/shared/aws_common.py:79: FutureWarning: The behavior of Index.insert with object-dtype is deprecated, in a future version this will return an object-dtype Index instead of inferring a non-object dtype. To retain the old behavior, do `idx.insert(loc, item).infer_objects(copy=False)`
  encoded = pd.get_dummies(frame[columns].copy(), dummy_na=True)
/home/user/bitoguard-hackathon/bitoguard_core/shared/aws_common.py:79: FutureWarning: The behavior of Index.insert with object-dtype is deprecated, in a future version this will return an object-dtype Index instead of inferring a non-object dtype. To retain the old behavior, do `idx.insert(loc, item).infer_objects(copy=False)`
  encoded = pd.get_dummies(frame[columns].copy(), dummy_na=True)
/home/user/bitoguard-hackathon/bitoguard_core/shared/aws_common.py:79: FutureWarning: The behavior of Index.insert with object-dtype is deprecated, in a future version this will return an object-dtype Index instead of inferring a non-object dtype. To retain the old behavior, do `idx.insert(loc, item).infer_objects(copy=False)`
  encoded = pd.get_dummies(frame[columns].copy(), dummy_na=True)
/home/user/bitoguard-hackathon/bitoguard_core/shared/aws_common.py:79: FutureWarning: The behavior of Index.insert with object-dtype is deprecated, in a future version this will return an object-dtype Index instead of inferring a non-object dtype. To retain the old behavior, do `idx.insert(loc, item).infer_objects(copy=False)`
  encoded = pd.get_dummies(frame[columns].copy(), dummy_na=True)
/home/user/bitoguard-hackathon/bitoguard_core/shared/aws_common.py:79: FutureWarning: The behavior of Index.insert with object-dtype is deprecated, in a future version this will return an object-dtype Index instead of inferring a non-object dtype. To retain the old behavior, do `idx.insert(loc, item).infer_objects(copy=False)`
  encoded = pd.get_dummies(frame[columns].copy(), dummy_na=True)
/home/user/bitoguard-hackathon/bitoguard_core/shared/aws_common.py:79: FutureWarning: The behavior of Index.insert with object-dtype is deprecated, in a future version this will return an object-dtype Index instead of inferring a non-object dtype. To retain the old behavior, do `idx.insert(loc, item).infer_objects(copy=False)`
  encoded = pd.get_dummies(frame[columns].copy(), dummy_na=True)
/home/user/bitoguard-hackathon/bitoguard_core/shared/aws_common.py:79: FutureWarning: The behavior of Index.insert with object-dtype is deprecated, in a future version this will return an object-dtype Index instead of inferring a non-object dtype. To retain the old behavior, do `idx.insert(loc, item).infer_objects(copy=False)`
  encoded = pd.get_dummies(frame[columns].copy(), dummy_na=True)
/home/user/bitoguard-hackathon/bitoguard_core/shared/aws_common.py:79: FutureWarning: The behavior of Index.insert with object-dtype is deprecated, in a future version this will return an object-dtype Index instead of inferring a non-object dtype. To retain the old behavior, do `idx.insert(loc, item).infer_objects(copy=False)`
  encoded = pd.get_dummies(frame[columns].copy(), dummy_na=True)
/home/user/bitoguard-hackathon/bitoguard_core/shared/aws_common.py:79: FutureWarning: The behavior of Index.insert with object-dtype is deprecated, in a future version this will return an object-dtype Index instead of inferring a non-object dtype. To retain the old behavior, do `idx.insert(loc, item).infer_objects(copy=False)`
  encoded = pd.get_dummies(frame[columns].copy(), dummy_na=True)
/home/user/bitoguard-hackathon/bitoguard_core/shared/aws_common.py:79: FutureWarning: The behavior of Index.insert with object-dtype is deprecated, in a future version this will return an object-dtype Index instead of inferring a non-object dtype. To retain the old behavior, do `idx.insert(loc, item).infer_objects(copy=False)`
  encoded = pd.get_dummies(frame[columns].copy(), dummy_na=True)
/home/user/bitoguard-hackathon/bitoguard_core/shared/aws_common.py:79: FutureWarning: The behavior of Index.insert with object-dtype is deprecated, in a future version this will return an object-dtype Index instead of inferring a non-object dtype. To retain the old behavior, do `idx.insert(loc, item).infer_objects(copy=False)`
  encoded = pd.get_dummies(frame[columns].copy(), dummy_na=True)
/home/user/bitoguard-hackathon/bitoguard_core/shared/aws_common.py:79: FutureWarning: The behavior of Index.insert with object-dtype is deprecated, in a future version this will return an object-dtype Index instead of inferring a non-object dtype. To retain the old behavior, do `idx.insert(loc, item).infer_objects(copy=False)`
  encoded = pd.get_dummies(frame[columns].copy(), dummy_na=True)
/home/user/bitoguard-hackathon/bitoguard_core/shared/aws_common.py:79: FutureWarning: The behavior of Index.insert with object-dtype is deprecated, in a future version this will return an object-dtype Index instead of inferring a non-object dtype. To retain the old behavior, do `idx.insert(loc, item).infer_objects(copy=False)`
  encoded = pd.get_dummies(frame[columns].copy(), dummy_na=True)
/home/user/bitoguard-hackathon/bitoguard_core/shared/aws_common.py:79: FutureWarning: The behavior of Index.insert with object-dtype is deprecated, in a future version this will return an object-dtype Index instead of inferring a non-object dtype. To retain the old behavior, do `idx.insert(loc, item).infer_objects(copy=False)`
  encoded = pd.get_dummies(frame[columns].copy(), dummy_na=True)
/home/user/bitoguard-hackathon/bitoguard_core/shared/aws_common.py:79: FutureWarning: The behavior of Index.insert with object-dtype is deprecated, in a future version this will return an object-dtype Index instead of inferring a non-object dtype. To retain the old behavior, do `idx.insert(loc, item).infer_objects(copy=False)`
  encoded = pd.get_dummies(frame[columns].copy(), dummy_na=True)
/home/user/bitoguard-hackathon/bitoguard_core/shared/aws_common.py:79: FutureWarning: The behavior of Index.insert with object-dtype is deprecated, in a future version this will return an object-dtype Index instead of inferring a non-object dtype. To retain the old behavior, do `idx.insert(loc, item).infer_objects(copy=False)`
  encoded = pd.get_dummies(frame[columns].copy(), dummy_na=True)
/home/user/bitoguard-hackathon/bitoguard_core/shared/aws_common.py:79: FutureWarning: The behavior of Index.insert with object-dtype is deprecated, in a future version this will return an object-dtype Index instead of inferring a non-object dtype. To retain the old behavior, do `idx.insert(loc, item).infer_objects(copy=False)`
  encoded = pd.get_dummies(frame[columns].copy(), dummy_na=True)
/home/user/bitoguard-hackathon/bitoguard_core/shared/aws_common.py:79: FutureWarning: The behavior of Index.insert with object-dtype is deprecated, in a future version this will return an object-dtype Index instead of inferring a non-object dtype. To retain the old behavior, do `idx.insert(loc, item).infer_objects(copy=False)`
  encoded = pd.get_dummies(frame[columns].copy(), dummy_na=True)
/home/user/bitoguard-hackathon/bitoguard_core/shared/aws_common.py:79: FutureWarning: The behavior of Index.insert with object-dtype is deprecated, in a future version this will return an object-dtype Index instead of inferring a non-object dtype. To retain the old behavior, do `idx.insert(loc, item).infer_objects(copy=False)`
  encoded = pd.get_dummies(frame[columns].copy(), dummy_na=True)
/home/user/bitoguard-hackathon/bitoguard_core/shared/aws_common.py:79: FutureWarning: The behavior of Index.insert with object-dtype is deprecated, in a future version this will return an object-dtype Index instead of inferring a non-object dtype. To retain the old behavior, do `idx.insert(loc, item).infer_objects(copy=False)`
  encoded = pd.get_dummies(frame[columns].copy(), dummy_na=True)
/home/user/bitoguard-hackathon/bitoguard_core/shared/aws_common.py:79: FutureWarning: The behavior of Index.insert with object-dtype is deprecated, in a future version this will return an object-dtype Index instead of inferring a non-object dtype. To retain the old behavior, do `idx.insert(loc, item).infer_objects(copy=False)`
  encoded = pd.get_dummies(frame[columns].copy(), dummy_na=True)
/home/user/bitoguard-hackathon/bitoguard_core/shared/aws_common.py:79: FutureWarning: The behavior of Index.insert with object-dtype is deprecated, in a future version this will return an object-dtype Index instead of inferring a non-object dtype. To retain the old behavior, do `idx.insert(loc, item).infer_objects(copy=False)`
  encoded = pd.get_dummies(frame[columns].copy(), dummy_na=True)
/home/user/bitoguard-hackathon/bitoguard_core/shared/aws_common.py:79: FutureWarning: The behavior of Index.insert with object-dtype is deprecated, in a future version this will return an object-dtype Index instead of inferring a non-object dtype. To retain the old behavior, do `idx.insert(loc, item).infer_objects(copy=False)`
  encoded = pd.get_dummies(frame[columns].copy(), dummy_na=True)
/home/user/bitoguard-hackathon/bitoguard_core/shared/aws_common.py:79: FutureWarning: The behavior of Index.insert with object-dtype is deprecated, in a future version this will return an object-dtype Index instead of inferring a non-object dtype. To retain the old behavior, do `idx.insert(loc, item).infer_objects(copy=False)`
  encoded = pd.get_dummies(frame[columns].copy(), dummy_na=True)
/home/user/bitoguard-hackathon/bitoguard_core/shared/aws_common.py:79: FutureWarning: The behavior of Index.insert with object-dtype is deprecated, in a future version this will return an object-dtype Index instead of inferring a non-object dtype. To retain the old behavior, do `idx.insert(loc, item).infer_objects(copy=False)`
  encoded = pd.get_dummies(frame[columns].copy(), dummy_na=True)
/home/user/bitoguard-hackathon/bitoguard_core/shared/aws_common.py:79: FutureWarning: The behavior of Index.insert with object-dtype is deprecated, in a future version this will return an object-dtype Index instead of inferring a non-object dtype. To retain the old behavior, do `idx.insert(loc, item).infer_objects(copy=False)`
  encoded = pd.get_dummies(frame[columns].copy(), dummy_na=True)
/home/user/bitoguard-hackathon/bitoguard_core/shared/aws_common.py:79: FutureWarning: The behavior of Index.insert with object-dtype is deprecated, in a future version this will return an object-dtype Index instead of inferring a non-object dtype. To retain the old behavior, do `idx.insert(loc, item).infer_objects(copy=False)`
  encoded = pd.get_dummies(frame[columns].copy(), dummy_na=True)
/home/user/bitoguard-hackathon/bitoguard_core/shared/aws_common.py:79: FutureWarning: The behavior of Index.insert with object-dtype is deprecated, in a future version this will return an object-dtype Index instead of inferring a non-object dtype. To retain the old behavior, do `idx.insert(loc, item).infer_objects(copy=False)`
  encoded = pd.get_dummies(frame[columns].copy(), dummy_na=True)
/home/user/bitoguard-hackathon/bitoguard_core/shared/aws_common.py:79: FutureWarning: The behavior of Index.insert with object-dtype is deprecated, in a future version this will return an object-dtype Index instead of inferring a non-object dtype. To retain the old behavior, do `idx.insert(loc, item).infer_objects(copy=False)`
  encoded = pd.get_dummies(frame[columns].copy(), dummy_na=True)
/home/user/bitoguard-hackathon/bitoguard_core/shared/aws_common.py:79: FutureWarning: The behavior of Index.insert with object-dtype is deprecated, in a future version this will return an object-dtype Index instead of inferring a non-object dtype. To retain the old behavior, do `idx.insert(loc, item).infer_objects(copy=False)`
  encoded = pd.get_dummies(frame[columns].copy(), dummy_na=True)
/home/user/bitoguard-hackathon/bitoguard_core/shared/aws_common.py:79: FutureWarning: The behavior of Index.insert with object-dtype is deprecated, in a future version this will return an object-dtype Index instead of inferring a non-object dtype. To retain the old behavior, do `idx.insert(loc, item).infer_objects(copy=False)`
  encoded = pd.get_dummies(frame[columns].copy(), dummy_na=True)
/home/user/bitoguard-hackathon/bitoguard_core/shared/aws_common.py:79: FutureWarning: The behavior of Index.insert with object-dtype is deprecated, in a future version this will return an object-dtype Index instead of inferring a non-object dtype. To retain the old behavior, do `idx.insert(loc, item).infer_objects(copy=False)`
  encoded = pd.get_dummies(frame[columns].copy(), dummy_na=True)
/home/user/bitoguard-hackathon/bitoguard_core/shared/aws_common.py:79: FutureWarning: The behavior of Index.insert with object-dtype is deprecated, in a future version this will return an object-dtype Index instead of inferring a non-object dtype. To retain the old behavior, do `idx.insert(loc, item).infer_objects(copy=False)`
  encoded = pd.get_dummies(frame[columns].copy(), dummy_na=True)
/home/user/bitoguard-hackathon/bitoguard_core/shared/aws_common.py:79: FutureWarning: The behavior of Index.insert with object-dtype is deprecated, in a future version this will return an object-dtype Index instead of inferring a non-object dtype. To retain the old behavior, do `idx.insert(loc, item).infer_objects(copy=False)`
  encoded = pd.get_dummies(frame[columns].copy(), dummy_na=True)
/home/user/bitoguard-hackathon/bitoguard_core/shared/aws_common.py:79: FutureWarning: The behavior of Index.insert with object-dtype is deprecated, in a future version this will return an object-dtype Index instead of inferring a non-object dtype. To retain the old behavior, do `idx.insert(loc, item).infer_objects(copy=False)`
  encoded = pd.get_dummies(frame[columns].copy(), dummy_na=True)
/home/user/bitoguard-hackathon/bitoguard_core/shared/aws_common.py:79: FutureWarning: The behavior of Index.insert with object-dtype is deprecated, in a future version this will return an object-dtype Index instead of inferring a non-object dtype. To retain the old behavior, do `idx.insert(loc, item).infer_objects(copy=False)`
  encoded = pd.get_dummies(frame[columns].copy(), dummy_na=True)
/home/user/bitoguard-hackathon/bitoguard_core/shared/aws_common.py:79: FutureWarning: The behavior of Index.insert with object-dtype is deprecated, in a future version this will return an object-dtype Index instead of inferring a non-object dtype. To retain the old behavior, do `idx.insert(loc, item).infer_objects(copy=False)`
  encoded = pd.get_dummies(frame[columns].copy(), dummy_na=True)
/home/user/bitoguard-hackathon/bitoguard_core/shared/aws_common.py:79: FutureWarning: The behavior of Index.insert with object-dtype is deprecated, in a future version this will return an object-dtype Index instead of inferring a non-object dtype. To retain the old behavior, do `idx.insert(loc, item).infer_objects(copy=False)`
  encoded = pd.get_dummies(frame[columns].copy(), dummy_na=True)
/home/user/bitoguard-hackathon/bitoguard_core/shared/aws_common.py:79: FutureWarning: The behavior of Index.insert with object-dtype is deprecated, in a future version this will return an object-dtype Index instead of inferring a non-object dtype. To retain the old behavior, do `idx.insert(loc, item).infer_objects(copy=False)`
  encoded = pd.get_dummies(frame[columns].copy(), dummy_na=True)
/home/user/bitoguard-hackathon/bitoguard_core/shared/aws_common.py:79: FutureWarning: The behavior of Index.insert with object-dtype is deprecated, in a future version this will return an object-dtype Index instead of inferring a non-object dtype. To retain the old behavior, do `idx.insert(loc, item).infer_objects(copy=False)`
  encoded = pd.get_dummies(frame[columns].copy(), dummy_na=True)
/home/user/bitoguard-hackathon/bitoguard_core/shared/aws_common.py:79: FutureWarning: The behavior of Index.insert with object-dtype is deprecated, in a future version this will return an object-dtype Index instead of inferring a non-object dtype. To retain the old behavior, do `idx.insert(loc, item).infer_objects(copy=False)`
  encoded = pd.get_dummies(frame[columns].copy(), dummy_na=True)
/home/user/bitoguard-hackathon/bitoguard_core/shared/aws_common.py:79: FutureWarning: The behavior of Index.insert with object-dtype is deprecated, in a future version this will return an object-dtype Index instead of inferring a non-object dtype. To retain the old behavior, do `idx.insert(loc, item).infer_objects(copy=False)`
  encoded = pd.get_dummies(frame[columns].copy(), dummy_na=True)
/home/user/bitoguard-hackathon/bitoguard_core/shared/aws_common.py:79: FutureWarning: The behavior of Index.insert with object-dtype is deprecated, in a future version this will return an object-dtype Index instead of inferring a non-object dtype. To retain the old behavior, do `idx.insert(loc, item).infer_objects(copy=False)`
  encoded = pd.get_dummies(frame[columns].copy(), dummy_na=True)
/home/user/bitoguard-hackathon/bitoguard_core/shared/aws_common.py:79: FutureWarning: The behavior of Index.insert with object-dtype is deprecated, in a future version this will return an object-dtype Index instead of inferring a non-object dtype. To retain the old behavior, do `idx.insert(loc, item).infer_objects(copy=False)`
  encoded = pd.get_dummies(frame[columns].copy(), dummy_na=True)
/home/user/bitoguard-hackathon/bitoguard_core/shared/aws_common.py:79: FutureWarning: The behavior of Index.insert with object-dtype is deprecated, in a future version this will return an object-dtype Index instead of inferring a non-object dtype. To retain the old behavior, do `idx.insert(loc, item).infer_objects(copy=False)`
  encoded = pd.get_dummies(frame[columns].copy(), dummy_na=True)
/home/user/bitoguard-hackathon/bitoguard_core/shared/aws_common.py:79: FutureWarning: The behavior of Index.insert with object-dtype is deprecated, in a future version this will return an object-dtype Index instead of inferring a non-object dtype. To retain the old behavior, do `idx.insert(loc, item).infer_objects(copy=False)`
  encoded = pd.get_dummies(frame[columns].copy(), dummy_na=True)
/home/user/bitoguard-hackathon/bitoguard_core/shared/aws_common.py:79: FutureWarning: The behavior of Index.insert with object-dtype is deprecated, in a future version this will return an object-dtype Index instead of inferring a non-object dtype. To retain the old behavior, do `idx.insert(loc, item).infer_objects(copy=False)`
  encoded = pd.get_dummies(frame[columns].copy(), dummy_na=True)
/home/user/bitoguard-hackathon/bitoguard_core/shared/aws_common.py:79: FutureWarning: The behavior of Index.insert with object-dtype is deprecated, in a future version this will return an object-dtype Index instead of inferring a non-object dtype. To retain the old behavior, do `idx.insert(loc, item).infer_objects(copy=False)`
  encoded = pd.get_dummies(frame[columns].copy(), dummy_na=True)
/home/user/bitoguard-hackathon/bitoguard_core/shared/aws_common.py:79: FutureWarning: The behavior of Index.insert with object-dtype is deprecated, in a future version this will return an object-dtype Index instead of inferring a non-object dtype. To retain the old behavior, do `idx.insert(loc, item).infer_objects(copy=False)`
  encoded = pd.get_dummies(frame[columns].copy(), dummy_na=True)
/home/user/bitoguard-hackathon/bitoguard_core/shared/aws_common.py:79: FutureWarning: The behavior of Index.insert with object-dtype is deprecated, in a future version this will return an object-dtype Index instead of inferring a non-object dtype. To retain the old behavior, do `idx.insert(loc, item).infer_objects(copy=False)`
  encoded = pd.get_dummies(frame[columns].copy(), dummy_na=True)
/home/user/bitoguard-hackathon/bitoguard_core/shared/aws_common.py:79: FutureWarning: The behavior of Index.insert with object-dtype is deprecated, in a future version this will return an object-dtype Index instead of inferring a non-object dtype. To retain the old behavior, do `idx.insert(loc, item).infer_objects(copy=False)`
  encoded = pd.get_dummies(frame[columns].copy(), dummy_na=True)
/home/user/bitoguard-hackathon/bitoguard_core/shared/aws_common.py:79: FutureWarning: The behavior of Index.insert with object-dtype is deprecated, in a future version this will return an object-dtype Index instead of inferring a non-object dtype. To retain the old behavior, do `idx.insert(loc, item).infer_objects(copy=False)`
  encoded = pd.get_dummies(frame[columns].copy(), dummy_na=True)
/home/user/bitoguard-hackathon/bitoguard_core/shared/aws_common.py:79: FutureWarning: The behavior of Index.insert with object-dtype is deprecated, in a future version this will return an object-dtype Index instead of inferring a non-object dtype. To retain the old behavior, do `idx.insert(loc, item).infer_objects(copy=False)`
  encoded = pd.get_dummies(frame[columns].copy(), dummy_na=True)
/home/user/bitoguard-hackathon/bitoguard_core/shared/aws_common.py:79: FutureWarning: The behavior of Index.insert with object-dtype is deprecated, in a future version this will return an object-dtype Index instead of inferring a non-object dtype. To retain the old behavior, do `idx.insert(loc, item).infer_objects(copy=False)`
  encoded = pd.get_dummies(frame[columns].copy(), dummy_na=True)
/home/user/bitoguard-hackathon/bitoguard_core/shared/aws_common.py:79: FutureWarning: The behavior of Index.insert with object-dtype is deprecated, in a future version this will return an object-dtype Index instead of inferring a non-object dtype. To retain the old behavior, do `idx.insert(loc, item).infer_objects(copy=False)`
  encoded = pd.get_dummies(frame[columns].copy(), dummy_na=True)
/home/user/bitoguard-hackathon/bitoguard_core/shared/aws_common.py:79: FutureWarning: The behavior of Index.insert with object-dtype is deprecated, in a future version this will return an object-dtype Index instead of inferring a non-object dtype. To retain the old behavior, do `idx.insert(loc, item).infer_objects(copy=False)`
  encoded = pd.get_dummies(frame[columns].copy(), dummy_na=True)
/home/user/bitoguard-hackathon/bitoguard_core/shared/aws_common.py:79: FutureWarning: The behavior of Index.insert with object-dtype is deprecated, in a future version this will return an object-dtype Index instead of inferring a non-object dtype. To retain the old behavior, do `idx.insert(loc, item).infer_objects(copy=False)`
  encoded = pd.get_dummies(frame[columns].copy(), dummy_na=True)
/home/user/bitoguard-hackathon/bitoguard_core/shared/aws_common.py:79: FutureWarning: The behavior of Index.insert with object-dtype is deprecated, in a future version this will return an object-dtype Index instead of inferring a non-object dtype. To retain the old behavior, do `idx.insert(loc, item).infer_objects(copy=False)`
  encoded = pd.get_dummies(frame[columns].copy(), dummy_na=True)
/home/user/bitoguard-hackathon/bitoguard_core/shared/aws_common.py:79: FutureWarning: The behavior of Index.insert with object-dtype is deprecated, in a future version this will return an object-dtype Index instead of inferring a non-object dtype. To retain the old behavior, do `idx.insert(loc, item).infer_objects(copy=False)`
  encoded = pd.get_dummies(frame[columns].copy(), dummy_na=True)
/home/user/bitoguard-hackathon/bitoguard_core/shared/aws_common.py:79: FutureWarning: The behavior of Index.insert with object-dtype is deprecated, in a future version this will return an object-dtype Index instead of inferring a non-object dtype. To retain the old behavior, do `idx.insert(loc, item).infer_objects(copy=False)`
  encoded = pd.get_dummies(frame[columns].copy(), dummy_na=True)
/home/user/bitoguard-hackathon/bitoguard_core/shared/aws_common.py:79: FutureWarning: The behavior of Index.insert with object-dtype is deprecated, in a future version this will return an object-dtype Index instead of inferring a non-object dtype. To retain the old behavior, do `idx.insert(loc, item).infer_objects(copy=False)`
  encoded = pd.get_dummies(frame[columns].copy(), dummy_na=True)
/home/user/bitoguard-hackathon/bitoguard_core/shared/aws_common.py:79: FutureWarning: The behavior of Index.insert with object-dtype is deprecated, in a future version this will return an object-dtype Index instead of inferring a non-object dtype. To retain the old behavior, do `idx.insert(loc, item).infer_objects(copy=False)`
  encoded = pd.get_dummies(frame[columns].copy(), dummy_na=True)
/home/user/bitoguard-hackathon/bitoguard_core/shared/aws_common.py:79: FutureWarning: The behavior of Index.insert with object-dtype is deprecated, in a future version this will return an object-dtype Index instead of inferring a non-object dtype. To retain the old behavior, do `idx.insert(loc, item).infer_objects(copy=False)`
  encoded = pd.get_dummies(frame[columns].copy(), dummy_na=True)
/home/user/bitoguard-hackathon/bitoguard_core/shared/aws_common.py:79: FutureWarning: The behavior of Index.insert with object-dtype is deprecated, in a future version this will return an object-dtype Index instead of inferring a non-object dtype. To retain the old behavior, do `idx.insert(loc, item).infer_objects(copy=False)`
  encoded = pd.get_dummies(frame[columns].copy(), dummy_na=True)
/home/user/bitoguard-hackathon/bitoguard_core/shared/aws_common.py:79: FutureWarning: The behavior of Index.insert with object-dtype is deprecated, in a future version this will return an object-dtype Index instead of inferring a non-object dtype. To retain the old behavior, do `idx.insert(loc, item).infer_objects(copy=False)`
  encoded = pd.get_dummies(frame[columns].copy(), dummy_na=True)
/home/user/bitoguard-hackathon/bitoguard_core/shared/aws_common.py:79: FutureWarning: The behavior of Index.insert with object-dtype is deprecated, in a future version this will return an object-dtype Index instead of inferring a non-object dtype. To retain the old behavior, do `idx.insert(loc, item).infer_objects(copy=False)`
  encoded = pd.get_dummies(frame[columns].copy(), dummy_na=True)
/home/user/bitoguard-hackathon/bitoguard_core/shared/aws_common.py:79: FutureWarning: The behavior of Index.insert with object-dtype is deprecated, in a future version this will return an object-dtype Index instead of inferring a non-object dtype. To retain the old behavior, do `idx.insert(loc, item).infer_objects(copy=False)`
  encoded = pd.get_dummies(frame[columns].copy(), dummy_na=True)
/home/user/bitoguard-hackathon/bitoguard_core/shared/aws_common.py:79: FutureWarning: The behavior of Index.insert with object-dtype is deprecated, in a future version this will return an object-dtype Index instead of inferring a non-object dtype. To retain the old behavior, do `idx.insert(loc, item).infer_objects(copy=False)`
  encoded = pd.get_dummies(frame[columns].copy(), dummy_na=True)
/home/user/bitoguard-hackathon/bitoguard_core/shared/aws_common.py:79: FutureWarning: The behavior of Index.insert with object-dtype is deprecated, in a future version this will return an object-dtype Index instead of inferring a non-object dtype. To retain the old behavior, do `idx.insert(loc, item).infer_objects(copy=False)`
  encoded = pd.get_dummies(frame[columns].copy(), dummy_na=True)
/home/user/bitoguard-hackathon/bitoguard_core/shared/aws_common.py:79: FutureWarning: The behavior of Index.insert with object-dtype is deprecated, in a future version this will return an object-dtype Index instead of inferring a non-object dtype. To retain the old behavior, do `idx.insert(loc, item).infer_objects(copy=False)`
  encoded = pd.get_dummies(frame[columns].copy(), dummy_na=True)
/home/user/bitoguard-hackathon/bitoguard_core/shared/aws_common.py:79: FutureWarning: The behavior of Index.insert with object-dtype is deprecated, in a future version this will return an object-dtype Index instead of inferring a non-object dtype. To retain the old behavior, do `idx.insert(loc, item).infer_objects(copy=False)`
  encoded = pd.get_dummies(frame[columns].copy(), dummy_na=True)
/home/user/bitoguard-hackathon/bitoguard_core/shared/aws_common.py:79: FutureWarning: The behavior of Index.insert with object-dtype is deprecated, in a future version this will return an object-dtype Index instead of inferring a non-object dtype. To retain the old behavior, do `idx.insert(loc, item).infer_objects(copy=False)`
  encoded = pd.get_dummies(frame[columns].copy(), dummy_na=True)
/home/user/bitoguard-hackathon/bitoguard_core/shared/aws_common.py:79: FutureWarning: The behavior of Index.insert with object-dtype is deprecated, in a future version this will return an object-dtype Index instead of inferring a non-object dtype. To retain the old behavior, do `idx.insert(loc, item).infer_objects(copy=False)`
  encoded = pd.get_dummies(frame[columns].copy(), dummy_na=True)
/home/user/bitoguard-hackathon/bitoguard_core/shared/aws_common.py:79: FutureWarning: The behavior of Index.insert with object-dtype is deprecated, in a future version this will return an object-dtype Index instead of inferring a non-object dtype. To retain the old behavior, do `idx.insert(loc, item).infer_objects(copy=False)`
  encoded = pd.get_dummies(frame[columns].copy(), dummy_na=True)
/home/user/bitoguard-hackathon/bitoguard_core/shared/aws_common.py:79: FutureWarning: The behavior of Index.insert with object-dtype is deprecated, in a future version this will return an object-dtype Index instead of inferring a non-object dtype. To retain the old behavior, do `idx.insert(loc, item).infer_objects(copy=False)`
  encoded = pd.get_dummies(frame[columns].copy(), dummy_na=True)
/home/user/bitoguard-hackathon/bitoguard_core/shared/aws_common.py:79: FutureWarning: The behavior of Index.insert with object-dtype is deprecated, in a future version this will return an object-dtype Index instead of inferring a non-object dtype. To retain the old behavior, do `idx.insert(loc, item).infer_objects(copy=False)`
  encoded = pd.get_dummies(frame[columns].copy(), dummy_na=True)
/home/user/bitoguard-hackathon/bitoguard_core/shared/aws_common.py:79: FutureWarning: The behavior of Index.insert with object-dtype is deprecated, in a future version this will return an object-dtype Index instead of inferring a non-object dtype. To retain the old behavior, do `idx.insert(loc, item).infer_objects(copy=False)`
  encoded = pd.get_dummies(frame[columns].copy(), dummy_na=True)
/home/user/bitoguard-hackathon/bitoguard_core/shared/aws_common.py:79: FutureWarning: The behavior of Index.insert with object-dtype is deprecated, in a future version this will return an object-dtype Index instead of inferring a non-object dtype. To retain the old behavior, do `idx.insert(loc, item).infer_objects(copy=False)`
  encoded = pd.get_dummies(frame[columns].copy(), dummy_na=True)
/home/user/bitoguard-hackathon/bitoguard_core/shared/aws_common.py:79: FutureWarning: The behavior of Index.insert with object-dtype is deprecated, in a future version this will return an object-dtype Index instead of inferring a non-object dtype. To retain the old behavior, do `idx.insert(loc, item).infer_objects(copy=False)`
  encoded = pd.get_dummies(frame[columns].copy(), dummy_na=True)
/home/user/bitoguard-hackathon/bitoguard_core/shared/aws_common.py:79: FutureWarning: The behavior of Index.insert with object-dtype is deprecated, in a future version this will return an object-dtype Index instead of inferring a non-object dtype. To retain the old behavior, do `idx.insert(loc, item).infer_objects(copy=False)`
  encoded = pd.get_dummies(frame[columns].copy(), dummy_na=True)
/home/user/bitoguard-hackathon/bitoguard_core/shared/aws_common.py:79: FutureWarning: The behavior of Index.insert with object-dtype is deprecated, in a future version this will return an object-dtype Index instead of inferring a non-object dtype. To retain the old behavior, do `idx.insert(loc, item).infer_objects(copy=False)`
  encoded = pd.get_dummies(frame[columns].copy(), dummy_na=True)
/home/user/bitoguard-hackathon/bitoguard_core/shared/aws_common.py:79: FutureWarning: The behavior of Index.insert with object-dtype is deprecated, in a future version this will return an object-dtype Index instead of inferring a non-object dtype. To retain the old behavior, do `idx.insert(loc, item).infer_objects(copy=False)`
  encoded = pd.get_dummies(frame[columns].copy(), dummy_na=True)
/home/user/bitoguard-hackathon/bitoguard_core/shared/aws_common.py:79: FutureWarning: The behavior of Index.insert with object-dtype is deprecated, in a future version this will return an object-dtype Index instead of inferring a non-object dtype. To retain the old behavior, do `idx.insert(loc, item).infer_objects(copy=False)`
  encoded = pd.get_dummies(frame[columns].copy(), dummy_na=True)
/home/user/bitoguard-hackathon/bitoguard_core/shared/aws_common.py:79: FutureWarning: The behavior of Index.insert with object-dtype is deprecated, in a future version this will return an object-dtype Index instead of inferring a non-object dtype. To retain the old behavior, do `idx.insert(loc, item).infer_objects(copy=False)`
  encoded = pd.get_dummies(frame[columns].copy(), dummy_na=True)
/home/user/bitoguard-hackathon/bitoguard_core/shared/aws_common.py:79: FutureWarning: The behavior of Index.insert with object-dtype is deprecated, in a future version this will return an object-dtype Index instead of inferring a non-object dtype. To retain the old behavior, do `idx.insert(loc, item).infer_objects(copy=False)`
  encoded = pd.get_dummies(frame[columns].copy(), dummy_na=True)
/home/user/bitoguard-hackathon/bitoguard_core/shared/aws_common.py:79: FutureWarning: The behavior of Index.insert with object-dtype is deprecated, in a future version this will return an object-dtype Index instead of inferring a non-object dtype. To retain the old behavior, do `idx.insert(loc, item).infer_objects(copy=False)`
  encoded = pd.get_dummies(frame[columns].copy(), dummy_na=True)
/home/user/bitoguard-hackathon/bitoguard_core/shared/aws_common.py:79: FutureWarning: The behavior of Index.insert with object-dtype is deprecated, in a future version this will return an object-dtype Index instead of inferring a non-object dtype. To retain the old behavior, do `idx.insert(loc, item).infer_objects(copy=False)`
  encoded = pd.get_dummies(frame[columns].copy(), dummy_na=True)
/home/user/bitoguard-hackathon/bitoguard_core/shared/aws_common.py:79: FutureWarning: The behavior of Index.insert with object-dtype is deprecated, in a future version this will return an object-dtype Index instead of inferring a non-object dtype. To retain the old behavior, do `idx.insert(loc, item).infer_objects(copy=False)`
  encoded = pd.get_dummies(frame[columns].copy(), dummy_na=True)
/home/user/bitoguard-hackathon/bitoguard_core/shared/aws_common.py:79: FutureWarning: The behavior of Index.insert with object-dtype is deprecated, in a future version this will return an object-dtype Index instead of inferring a non-object dtype. To retain the old behavior, do `idx.insert(loc, item).infer_objects(copy=False)`
  encoded = pd.get_dummies(frame[columns].copy(), dummy_na=True)
/home/user/bitoguard-hackathon/bitoguard_core/shared/aws_common.py:79: FutureWarning: The behavior of Index.insert with object-dtype is deprecated, in a future version this will return an object-dtype Index instead of inferring a non-object dtype. To retain the old behavior, do `idx.insert(loc, item).infer_objects(copy=False)`
  encoded = pd.get_dummies(frame[columns].copy(), dummy_na=True)
/home/user/bitoguard-hackathon/bitoguard_core/shared/aws_common.py:79: FutureWarning: The behavior of Index.insert with object-dtype is deprecated, in a future version this will return an object-dtype Index instead of inferring a non-object dtype. To retain the old behavior, do `idx.insert(loc, item).infer_objects(copy=False)`
  encoded = pd.get_dummies(frame[columns].copy(), dummy_na=True)
/home/user/bitoguard-hackathon/bitoguard_core/shared/aws_common.py:79: FutureWarning: The behavior of Index.insert with object-dtype is deprecated, in a future version this will return an object-dtype Index instead of inferring a non-object dtype. To retain the old behavior, do `idx.insert(loc, item).infer_objects(copy=False)`
  encoded = pd.get_dummies(frame[columns].copy(), dummy_na=True)
/home/user/bitoguard-hackathon/bitoguard_core/shared/aws_common.py:79: FutureWarning: The behavior of Index.insert with object-dtype is deprecated, in a future version this will return an object-dtype Index instead of inferring a non-object dtype. To retain the old behavior, do `idx.insert(loc, item).infer_objects(copy=False)`
  encoded = pd.get_dummies(frame[columns].copy(), dummy_na=True)
/home/user/bitoguard-hackathon/bitoguard_core/shared/aws_common.py:79: FutureWarning: The behavior of Index.insert with object-dtype is deprecated, in a future version this will return an object-dtype Index instead of inferring a non-object dtype. To retain the old behavior, do `idx.insert(loc, item).infer_objects(copy=False)`
  encoded = pd.get_dummies(frame[columns].copy(), dummy_na=True)
/home/user/bitoguard-hackathon/bitoguard_core/shared/aws_common.py:79: FutureWarning: The behavior of Index.insert with object-dtype is deprecated, in a future version this will return an object-dtype Index instead of inferring a non-object dtype. To retain the old behavior, do `idx.insert(loc, item).infer_objects(copy=False)`
  encoded = pd.get_dummies(frame[columns].copy(), dummy_na=True)
/home/user/bitoguard-hackathon/bitoguard_core/shared/aws_common.py:79: FutureWarning: The behavior of Index.insert with object-dtype is deprecated, in a future version this will return an object-dtype Index instead of inferring a non-object dtype. To retain the old behavior, do `idx.insert(loc, item).infer_objects(copy=False)`
  encoded = pd.get_dummies(frame[columns].copy(), dummy_na=True)
/home/user/bitoguard-hackathon/bitoguard_core/shared/aws_common.py:79: FutureWarning: The behavior of Index.insert with object-dtype is deprecated, in a future version this will return an object-dtype Index instead of inferring a non-object dtype. To retain the old behavior, do `idx.insert(loc, item).infer_objects(copy=False)`
  encoded = pd.get_dummies(frame[columns].copy(), dummy_na=True)
/home/user/bitoguard-hackathon/bitoguard_core/shared/aws_common.py:79: FutureWarning: The behavior of Index.insert with object-dtype is deprecated, in a future version this will return an object-dtype Index instead of inferring a non-object dtype. To retain the old behavior, do `idx.insert(loc, item).infer_objects(copy=False)`
  encoded = pd.get_dummies(frame[columns].copy(), dummy_na=True)
/home/user/bitoguard-hackathon/bitoguard_core/shared/aws_common.py:79: FutureWarning: The behavior of Index.insert with object-dtype is deprecated, in a future version this will return an object-dtype Index instead of inferring a non-object dtype. To retain the old behavior, do `idx.insert(loc, item).infer_objects(copy=False)`
  encoded = pd.get_dummies(frame[columns].copy(), dummy_na=True)
/home/user/bitoguard-hackathon/bitoguard_core/shared/aws_common.py:79: FutureWarning: The behavior of Index.insert with object-dtype is deprecated, in a future version this will return an object-dtype Index instead of inferring a non-object dtype. To retain the old behavior, do `idx.insert(loc, item).infer_objects(copy=False)`
  encoded = pd.get_dummies(frame[columns].copy(), dummy_na=True)
/home/user/bitoguard-hackathon/bitoguard_core/shared/aws_common.py:79: FutureWarning: The behavior of Index.insert with object-dtype is deprecated, in a future version this will return an object-dtype Index instead of inferring a non-object dtype. To retain the old behavior, do `idx.insert(loc, item).infer_objects(copy=False)`
  encoded = pd.get_dummies(frame[columns].copy(), dummy_na=True)
/home/user/bitoguard-hackathon/bitoguard_core/shared/aws_common.py:79: FutureWarning: The behavior of Index.insert with object-dtype is deprecated, in a future version this will return an object-dtype Index instead of inferring a non-object dtype. To retain the old behavior, do `idx.insert(loc, item).infer_objects(copy=False)`
  encoded = pd.get_dummies(frame[columns].copy(), dummy_na=True)
/home/user/bitoguard-hackathon/bitoguard_core/shared/aws_common.py:79: FutureWarning: The behavior of Index.insert with object-dtype is deprecated, in a future version this will return an object-dtype Index instead of inferring a non-object dtype. To retain the old behavior, do `idx.insert(loc, item).infer_objects(copy=False)`
  encoded = pd.get_dummies(frame[columns].copy(), dummy_na=True)
/home/user/bitoguard-hackathon/bitoguard_core/shared/aws_common.py:79: FutureWarning: The behavior of Index.insert with object-dtype is deprecated, in a future version this will return an object-dtype Index instead of inferring a non-object dtype. To retain the old behavior, do `idx.insert(loc, item).infer_objects(copy=False)`
  encoded = pd.get_dummies(frame[columns].copy(), dummy_na=True)
/home/user/bitoguard-hackathon/bitoguard_core/shared/aws_common.py:79: FutureWarning: The behavior of Index.insert with object-dtype is deprecated, in a future version this will return an object-dtype Index instead of inferring a non-object dtype. To retain the old behavior, do `idx.insert(loc, item).infer_objects(copy=False)`
  encoded = pd.get_dummies(frame[columns].copy(), dummy_na=True)
/home/user/bitoguard-hackathon/bitoguard_core/shared/aws_common.py:79: FutureWarning: The behavior of Index.insert with object-dtype is deprecated, in a future version this will return an object-dtype Index instead of inferring a non-object dtype. To retain the old behavior, do `idx.insert(loc, item).infer_objects(copy=False)`
  encoded = pd.get_dummies(frame[columns].copy(), dummy_na=True)
/home/user/bitoguard-hackathon/bitoguard_core/shared/aws_common.py:79: FutureWarning: The behavior of Index.insert with object-dtype is deprecated, in a future version this will return an object-dtype Index instead of inferring a non-object dtype. To retain the old behavior, do `idx.insert(loc, item).infer_objects(copy=False)`
  encoded = pd.get_dummies(frame[columns].copy(), dummy_na=True)
/home/user/bitoguard-hackathon/bitoguard_core/shared/aws_common.py:79: FutureWarning: The behavior of Index.insert with object-dtype is deprecated, in a future version this will return an object-dtype Index instead of inferring a non-object dtype. To retain the old behavior, do `idx.insert(loc, item).infer_objects(copy=False)`
  encoded = pd.get_dummies(frame[columns].copy(), dummy_na=True)
/home/user/bitoguard-hackathon/bitoguard_core/shared/aws_common.py:79: FutureWarning: The behavior of Index.insert with object-dtype is deprecated, in a future version this will return an object-dtype Index instead of inferring a non-object dtype. To retain the old behavior, do `idx.insert(loc, item).infer_objects(copy=False)`
  encoded = pd.get_dummies(frame[columns].copy(), dummy_na=True)
/home/user/bitoguard-hackathon/bitoguard_core/shared/aws_common.py:79: FutureWarning: The behavior of Index.insert with object-dtype is deprecated, in a future version this will return an object-dtype Index instead of inferring a non-object dtype. To retain the old behavior, do `idx.insert(loc, item).infer_objects(copy=False)`
  encoded = pd.get_dummies(frame[columns].copy(), dummy_na=True)
/home/user/bitoguard-hackathon/bitoguard_core/shared/aws_common.py:79: FutureWarning: The behavior of Index.insert with object-dtype is deprecated, in a future version this will return an object-dtype Index instead of inferring a non-object dtype. To retain the old behavior, do `idx.insert(loc, item).infer_objects(copy=False)`
  encoded = pd.get_dummies(frame[columns].copy(), dummy_na=True)
/home/user/bitoguard-hackathon/bitoguard_core/shared/aws_common.py:79: FutureWarning: The behavior of Index.insert with object-dtype is deprecated, in a future version this will return an object-dtype Index instead of inferring a non-object dtype. To retain the old behavior, do `idx.insert(loc, item).infer_objects(copy=False)`
  encoded = pd.get_dummies(frame[columns].copy(), dummy_na=True)
/home/user/bitoguard-hackathon/bitoguard_core/shared/aws_common.py:79: FutureWarning: The behavior of Index.insert with object-dtype is deprecated, in a future version this will return an object-dtype Index instead of inferring a non-object dtype. To retain the old behavior, do `idx.insert(loc, item).infer_objects(copy=False)`
  encoded = pd.get_dummies(frame[columns].copy(), dummy_na=True)
/home/user/bitoguard-hackathon/bitoguard_core/shared/aws_common.py:79: FutureWarning: The behavior of Index.insert with object-dtype is deprecated, in a future version this will return an object-dtype Index instead of inferring a non-object dtype. To retain the old behavior, do `idx.insert(loc, item).infer_objects(copy=False)`
  encoded = pd.get_dummies(frame[columns].copy(), dummy_na=True)
/home/user/bitoguard-hackathon/bitoguard_core/shared/aws_common.py:79: FutureWarning: The behavior of Index.insert with object-dtype is deprecated, in a future version this will return an object-dtype Index instead of inferring a non-object dtype. To retain the old behavior, do `idx.insert(loc, item).infer_objects(copy=False)`
  encoded = pd.get_dummies(frame[columns].copy(), dummy_na=True)
/home/user/bitoguard-hackathon/bitoguard_core/shared/aws_common.py:79: FutureWarning: The behavior of Index.insert with object-dtype is deprecated, in a future version this will return an object-dtype Index instead of inferring a non-object dtype. To retain the old behavior, do `idx.insert(loc, item).infer_objects(copy=False)`
  encoded = pd.get_dummies(frame[columns].copy(), dummy_na=True)
/home/user/bitoguard-hackathon/bitoguard_core/shared/aws_common.py:79: FutureWarning: The behavior of Index.insert with object-dtype is deprecated, in a future version this will return an object-dtype Index instead of inferring a non-object dtype. To retain the old behavior, do `idx.insert(loc, item).infer_objects(copy=False)`
  encoded = pd.get_dummies(frame[columns].copy(), dummy_na=True)
/home/user/bitoguard-hackathon/bitoguard_core/shared/aws_common.py:79: FutureWarning: The behavior of Index.insert with object-dtype is deprecated, in a future version this will return an object-dtype Index instead of inferring a non-object dtype. To retain the old behavior, do `idx.insert(loc, item).infer_objects(copy=False)`
  encoded = pd.get_dummies(frame[columns].copy(), dummy_na=True)
/home/user/bitoguard-hackathon/bitoguard_core/shared/aws_common.py:79: FutureWarning: The behavior of Index.insert with object-dtype is deprecated, in a future version this will return an object-dtype Index instead of inferring a non-object dtype. To retain the old behavior, do `idx.insert(loc, item).infer_objects(copy=False)`
  encoded = pd.get_dummies(frame[columns].copy(), dummy_na=True)
/home/user/bitoguard-hackathon/bitoguard_core/shared/aws_common.py:79: FutureWarning: The behavior of Index.insert with object-dtype is deprecated, in a future version this will return an object-dtype Index instead of inferring a non-object dtype. To retain the old behavior, do `idx.insert(loc, item).infer_objects(copy=False)`
  encoded = pd.get_dummies(frame[columns].copy(), dummy_na=True)
/home/user/bitoguard-hackathon/bitoguard_core/shared/aws_common.py:79: FutureWarning: The behavior of Index.insert with object-dtype is deprecated, in a future version this will return an object-dtype Index instead of inferring a non-object dtype. To retain the old behavior, do `idx.insert(loc, item).infer_objects(copy=False)`
  encoded = pd.get_dummies(frame[columns].copy(), dummy_na=True)
/home/user/bitoguard-hackathon/bitoguard_core/shared/aws_common.py:79: FutureWarning: The behavior of Index.insert with object-dtype is deprecated, in a future version this will return an object-dtype Index instead of inferring a non-object dtype. To retain the old behavior, do `idx.insert(loc, item).infer_objects(copy=False)`
  encoded = pd.get_dummies(frame[columns].copy(), dummy_na=True)
/home/user/bitoguard-hackathon/bitoguard_core/shared/aws_common.py:79: FutureWarning: The behavior of Index.insert with object-dtype is deprecated, in a future version this will return an object-dtype Index instead of inferring a non-object dtype. To retain the old behavior, do `idx.insert(loc, item).infer_objects(copy=False)`
  encoded = pd.get_dummies(frame[columns].copy(), dummy_na=True)
/home/user/bitoguard-hackathon/bitoguard_core/shared/aws_common.py:79: FutureWarning: The behavior of Index.insert with object-dtype is deprecated, in a future version this will return an object-dtype Index instead of inferring a non-object dtype. To retain the old behavior, do `idx.insert(loc, item).infer_objects(copy=False)`
  encoded = pd.get_dummies(frame[columns].copy(), dummy_na=True)
/home/user/bitoguard-hackathon/bitoguard_core/shared/aws_common.py:79: FutureWarning: The behavior of Index.insert with object-dtype is deprecated, in a future version this will return an object-dtype Index instead of inferring a non-object dtype. To retain the old behavior, do `idx.insert(loc, item).infer_objects(copy=False)`
  encoded = pd.get_dummies(frame[columns].copy(), dummy_na=True)
/home/user/bitoguard-hackathon/bitoguard_core/shared/aws_common.py:79: FutureWarning: The behavior of Index.insert with object-dtype is deprecated, in a future version this will return an object-dtype Index instead of inferring a non-object dtype. To retain the old behavior, do `idx.insert(loc, item).infer_objects(copy=False)`
  encoded = pd.get_dummies(frame[columns].copy(), dummy_na=True)
/home/user/bitoguard-hackathon/bitoguard_core/shared/aws_common.py:79: FutureWarning: The behavior of Index.insert with object-dtype is deprecated, in a future version this will return an object-dtype Index instead of inferring a non-object dtype. To retain the old behavior, do `idx.insert(loc, item).infer_objects(copy=False)`
  encoded = pd.get_dummies(frame[columns].copy(), dummy_na=True)
/home/user/bitoguard-hackathon/bitoguard_core/shared/aws_common.py:79: FutureWarning: The behavior of Index.insert with object-dtype is deprecated, in a future version this will return an object-dtype Index instead of inferring a non-object dtype. To retain the old behavior, do `idx.insert(loc, item).infer_objects(copy=False)`
  encoded = pd.get_dummies(frame[columns].copy(), dummy_na=True)
/home/user/bitoguard-hackathon/bitoguard_core/shared/aws_common.py:79: FutureWarning: The behavior of Index.insert with object-dtype is deprecated, in a future version this will return an object-dtype Index instead of inferring a non-object dtype. To retain the old behavior, do `idx.insert(loc, item).infer_objects(copy=False)`
  encoded = pd.get_dummies(frame[columns].copy(), dummy_na=True)
/home/user/bitoguard-hackathon/bitoguard_core/shared/aws_common.py:79: FutureWarning: The behavior of Index.insert with object-dtype is deprecated, in a future version this will return an object-dtype Index instead of inferring a non-object dtype. To retain the old behavior, do `idx.insert(loc, item).infer_objects(copy=False)`
  encoded = pd.get_dummies(frame[columns].copy(), dummy_na=True)
/home/user/bitoguard-hackathon/bitoguard_core/shared/aws_common.py:79: FutureWarning: The behavior of Index.insert with object-dtype is deprecated, in a future version this will return an object-dtype Index instead of inferring a non-object dtype. To retain the old behavior, do `idx.insert(loc, item).infer_objects(copy=False)`
  encoded = pd.get_dummies(frame[columns].copy(), dummy_na=True)
/home/user/bitoguard-hackathon/bitoguard_core/shared/aws_common.py:79: FutureWarning: The behavior of Index.insert with object-dtype is deprecated, in a future version this will return an object-dtype Index instead of inferring a non-object dtype. To retain the old behavior, do `idx.insert(loc, item).infer_objects(copy=False)`
  encoded = pd.get_dummies(frame[columns].copy(), dummy_na=True)
/home/user/bitoguard-hackathon/bitoguard_core/shared/aws_common.py:79: FutureWarning: The behavior of Index.insert with object-dtype is deprecated, in a future version this will return an object-dtype Index instead of inferring a non-object dtype. To retain the old behavior, do `idx.insert(loc, item).infer_objects(copy=False)`
  encoded = pd.get_dummies(frame[columns].copy(), dummy_na=True)
/home/user/bitoguard-hackathon/bitoguard_core/shared/aws_common.py:79: FutureWarning: The behavior of Index.insert with object-dtype is deprecated, in a future version this will return an object-dtype Index instead of inferring a non-object dtype. To retain the old behavior, do `idx.insert(loc, item).infer_objects(copy=False)`
  encoded = pd.get_dummies(frame[columns].copy(), dummy_na=True)
/home/user/bitoguard-hackathon/bitoguard_core/shared/aws_common.py:79: FutureWarning: The behavior of Index.insert with object-dtype is deprecated, in a future version this will return an object-dtype Index instead of inferring a non-object dtype. To retain the old behavior, do `idx.insert(loc, item).infer_objects(copy=False)`
  encoded = pd.get_dummies(frame[columns].copy(), dummy_na=True)
/home/user/bitoguard-hackathon/bitoguard_core/shared/aws_common.py:79: FutureWarning: The behavior of Index.insert with object-dtype is deprecated, in a future version this will return an object-dtype Index instead of inferring a non-object dtype. To retain the old behavior, do `idx.insert(loc, item).infer_objects(copy=False)`
  encoded = pd.get_dummies(frame[columns].copy(), dummy_na=True)
/home/user/bitoguard-hackathon/bitoguard_core/shared/aws_common.py:79: FutureWarning: The behavior of Index.insert with object-dtype is deprecated, in a future version this will return an object-dtype Index instead of inferring a non-object dtype. To retain the old behavior, do `idx.insert(loc, item).infer_objects(copy=False)`
  encoded = pd.get_dummies(frame[columns].copy(), dummy_na=True)
/home/user/bitoguard-hackathon/bitoguard_core/shared/aws_common.py:79: FutureWarning: The behavior of Index.insert with object-dtype is deprecated, in a future version this will return an object-dtype Index instead of inferring a non-object dtype. To retain the old behavior, do `idx.insert(loc, item).infer_objects(copy=False)`
  encoded = pd.get_dummies(frame[columns].copy(), dummy_na=True)
/home/user/bitoguard-hackathon/bitoguard_core/shared/aws_common.py:79: FutureWarning: The behavior of Index.insert with object-dtype is deprecated, in a future version this will return an object-dtype Index instead of inferring a non-object dtype. To retain the old behavior, do `idx.insert(loc, item).infer_objects(copy=False)`
  encoded = pd.get_dummies(frame[columns].copy(), dummy_na=True)
/home/user/bitoguard-hackathon/bitoguard_core/shared/aws_common.py:79: FutureWarning: The behavior of Index.insert with object-dtype is deprecated, in a future version this will return an object-dtype Index instead of inferring a non-object dtype. To retain the old behavior, do `idx.insert(loc, item).infer_objects(copy=False)`
  encoded = pd.get_dummies(frame[columns].copy(), dummy_na=True)
/home/user/bitoguard-hackathon/bitoguard_core/shared/aws_common.py:79: FutureWarning: The behavior of Index.insert with object-dtype is deprecated, in a future version this will return an object-dtype Index instead of inferring a non-object dtype. To retain the old behavior, do `idx.insert(loc, item).infer_objects(copy=False)`
  encoded = pd.get_dummies(frame[columns].copy(), dummy_na=True)
/home/user/bitoguard-hackathon/bitoguard_core/shared/aws_common.py:79: FutureWarning: The behavior of Index.insert with object-dtype is deprecated, in a future version this will return an object-dtype Index instead of inferring a non-object dtype. To retain the old behavior, do `idx.insert(loc, item).infer_objects(copy=False)`
  encoded = pd.get_dummies(frame[columns].copy(), dummy_na=True)
/home/user/bitoguard-hackathon/bitoguard_core/shared/aws_common.py:79: FutureWarning: The behavior of Index.insert with object-dtype is deprecated, in a future version this will return an object-dtype Index instead of inferring a non-object dtype. To retain the old behavior, do `idx.insert(loc, item).infer_objects(copy=False)`
  encoded = pd.get_dummies(frame[columns].copy(), dummy_na=True)
/home/user/bitoguard-hackathon/bitoguard_core/shared/aws_common.py:79: FutureWarning: The behavior of Index.insert with object-dtype is deprecated, in a future version this will return an object-dtype Index instead of inferring a non-object dtype. To retain the old behavior, do `idx.insert(loc, item).infer_objects(copy=False)`
  encoded = pd.get_dummies(frame[columns].copy(), dummy_na=True)
/home/user/bitoguard-hackathon/bitoguard_core/shared/aws_common.py:79: FutureWarning: The behavior of Index.insert with object-dtype is deprecated, in a future version this will return an object-dtype Index instead of inferring a non-object dtype. To retain the old behavior, do `idx.insert(loc, item).infer_objects(copy=False)`
  encoded = pd.get_dummies(frame[columns].copy(), dummy_na=True)
/home/user/bitoguard-hackathon/bitoguard_core/shared/aws_common.py:79: FutureWarning: The behavior of Index.insert with object-dtype is deprecated, in a future version this will return an object-dtype Index instead of inferring a non-object dtype. To retain the old behavior, do `idx.insert(loc, item).infer_objects(copy=False)`
  encoded = pd.get_dummies(frame[columns].copy(), dummy_na=True)
/home/user/bitoguard-hackathon/bitoguard_core/shared/aws_common.py:79: FutureWarning: The behavior of Index.insert with object-dtype is deprecated, in a future version this will return an object-dtype Index instead of inferring a non-object dtype. To retain the old behavior, do `idx.insert(loc, item).infer_objects(copy=False)`
  encoded = pd.get_dummies(frame[columns].copy(), dummy_na=True)
/home/user/bitoguard-hackathon/bitoguard_core/shared/aws_common.py:79: FutureWarning: The behavior of Index.insert with object-dtype is deprecated, in a future version this will return an object-dtype Index instead of inferring a non-object dtype. To retain the old behavior, do `idx.insert(loc, item).infer_objects(copy=False)`
  encoded = pd.get_dummies(frame[columns].copy(), dummy_na=True)
/home/user/bitoguard-hackathon/bitoguard_core/shared/aws_common.py:79: FutureWarning: The behavior of Index.insert with object-dtype is deprecated, in a future version this will return an object-dtype Index instead of inferring a non-object dtype. To retain the old behavior, do `idx.insert(loc, item).infer_objects(copy=False)`
  encoded = pd.get_dummies(frame[columns].copy(), dummy_na=True)
/home/user/bitoguard-hackathon/bitoguard_core/shared/aws_common.py:79: FutureWarning: The behavior of Index.insert with object-dtype is deprecated, in a future version this will return an object-dtype Index instead of inferring a non-object dtype. To retain the old behavior, do `idx.insert(loc, item).infer_objects(copy=False)`
  encoded = pd.get_dummies(frame[columns].copy(), dummy_na=True)
/home/user/bitoguard-hackathon/bitoguard_core/shared/aws_common.py:79: FutureWarning: The behavior of Index.insert with object-dtype is deprecated, in a future version this will return an object-dtype Index instead of inferring a non-object dtype. To retain the old behavior, do `idx.insert(loc, item).infer_objects(copy=False)`
  encoded = pd.get_dummies(frame[columns].copy(), dummy_na=True)
/home/user/bitoguard-hackathon/bitoguard_core/shared/aws_common.py:79: FutureWarning: The behavior of Index.insert with object-dtype is deprecated, in a future version this will return an object-dtype Index instead of inferring a non-object dtype. To retain the old behavior, do `idx.insert(loc, item).infer_objects(copy=False)`
  encoded = pd.get_dummies(frame[columns].copy(), dummy_na=True)
/home/user/bitoguard-hackathon/bitoguard_core/shared/aws_common.py:79: FutureWarning: The behavior of Index.insert with object-dtype is deprecated, in a future version this will return an object-dtype Index instead of inferring a non-object dtype. To retain the old behavior, do `idx.insert(loc, item).infer_objects(copy=False)`
  encoded = pd.get_dummies(frame[columns].copy(), dummy_na=True)
/home/user/bitoguard-hackathon/bitoguard_core/shared/aws_common.py:79: FutureWarning: The behavior of Index.insert with object-dtype is deprecated, in a future version this will return an object-dtype Index instead of inferring a non-object dtype. To retain the old behavior, do `idx.insert(loc, item).infer_objects(copy=False)`
  encoded = pd.get_dummies(frame[columns].copy(), dummy_na=True)
/home/user/bitoguard-hackathon/bitoguard_core/shared/aws_common.py:79: FutureWarning: The behavior of Index.insert with object-dtype is deprecated, in a future version this will return an object-dtype Index instead of inferring a non-object dtype. To retain the old behavior, do `idx.insert(loc, item).infer_objects(copy=False)`
  encoded = pd.get_dummies(frame[columns].copy(), dummy_na=True)
/home/user/bitoguard-hackathon/bitoguard_core/shared/aws_common.py:79: FutureWarning: The behavior of Index.insert with object-dtype is deprecated, in a future version this will return an object-dtype Index instead of inferring a non-object dtype. To retain the old behavior, do `idx.insert(loc, item).infer_objects(copy=False)`
  encoded = pd.get_dummies(frame[columns].copy(), dummy_na=True)
[sequence_features] Building 20 features for 63770 users...
[sequence_features] Loaded: twd=195601, crypto=239958, swap=53841, trade=217634
[sequence_features] Done: 20 features, 727787 non-zero values, 13.9s
[_load_dataset] Sequence features: 20 cols added
[_load_dataset] Temporal features skipped: temporal disabled
[_load_dataset] Community features skipped: community disabled
[fold 0] GNN skipped (SKIP_GNN=1)
[fold 1] GNN skipped (SKIP_GNN=1)
[fold 2] GNN skipped (SKIP_GNN=1)
[fold 3] GNN skipped (SKIP_GNN=1)
[fold 4] GNN skipped (SKIP_GNN=1)
/home/user/bitoguard-hackathon/bitoguard_core/official/stacking.py:219: RuntimeWarning: invalid value encountered in divide
  prec = np.where(denom_p > 0, tp / denom_p, 0.0)
/home/user/bitoguard-hackathon/bitoguard_core/official/stacking.py:222: RuntimeWarning: invalid value encountered in divide
  f1 = np.where(denom_f > 0, 2.0 * prec * rec / denom_f, 0.0)
[stacker] BlendEnsemble peak OOF F1=0.4353, weights={'base_e_probability': 0.30000001192092896, 'base_c_s_probability': 0.10000000149011612, 'base_cs_x_anomaly': 0.6000000238418579}
[stacker] CatBoost stacker peak OOF F1=0.4346
[stacker] Selected BlendEnsemble (F1=0.4353)
[final] GNN skipped (SKIP_GNN=1)
[sequence_features] Building 20 features for 63770 users...
[sequence_features] Loaded: twd=195601, crypto=239958, swap=53841, trade=217634
[sequence_features] Done: 20 features, 727787 non-zero values, 13.8s
[_load_dataset] Sequence features: 20 cols added
[_load_dataset] Temporal features skipped: temporal disabled
[_load_dataset] Community features skipped: community disabled
[fold 0] GNN skipped (SKIP_GNN=1)
[fold 1] GNN skipped (SKIP_GNN=1)
[fold 2] GNN skipped (SKIP_GNN=1)
[fold 3] GNN skipped (SKIP_GNN=1)
[fold 4] GNN skipped (SKIP_GNN=1)
/home/user/bitoguard-hackathon/bitoguard_core/official/stacking.py:219: RuntimeWarning: invalid value encountered in divide
  prec = np.where(denom_p > 0, tp / denom_p, 0.0)
/home/user/bitoguard-hackathon/bitoguard_core/official/stacking.py:222: RuntimeWarning: invalid value encountered in divide
  f1 = np.where(denom_f > 0, 2.0 * prec * rec / denom_f, 0.0)
[stacker] BlendEnsemble peak OOF F1=0.4306, weights={'base_e_probability': 0.3499999940395355, 'base_cs_x_anomaly': 0.6499999761581421}
[stacker] CatBoost stacker peak OOF F1=0.4261
[stacker] Selected BlendEnsemble (F1=0.4306)
[sequence_features] Building 20 features for 63770 users...
[sequence_features] Loaded: twd=195601, crypto=239958, swap=53841, trade=217634
[sequence_features] Done: 20 features, 727787 non-zero values, 13.9s
[_load_dataset] Sequence features: 20 cols added
[_load_dataset] Temporal features skipped: temporal disabled
[_load_dataset] Community features skipped: community disabled
{'train_meta': {'model_version': 'official_transductive_20260322T092322Z', 'base_a_model_path': '/home/user/bitoguard-hackathon/bitoguard_core/artifacts/models/official_catboost_base_a_seed42_20260322T092322Z.pkl', 'base_b_model_path': '/home/user/bitoguard-hackathon/bitoguard_core/artifacts/models/official_catboost_base_b_20260322T092322Z.pkl', 'base_d_model_path': '/home/user/bitoguard-hackathon/bitoguard_core/artifacts/models/official_lgbm_base_d_seed42_20260322T092322Z.pkl', 'base_e_model_path': '/home/user/bitoguard-hackathon/bitoguard_core/artifacts/models/official_xgboost_base_e_seed42_20260322T092322Z.pkl', 'graph_model_path': '/home/user/bitoguard-hackathon/bitoguard_core/artifacts/models/official_graphsage_20260322T092322Z.pt', 'stacker_path': '/home/user/bitoguard-hackathon/bitoguard_core/artifacts/models/official_stacker_20260322T092322Z.pkl', 'meta_path': '/home/user/bitoguard-hackathon/bitoguard_core/artifacts/models/official_transductive_20260322T092322Z.json', 'bundle_path': '/home/user/bitoguard-hackathon/bitoguard_core/artifacts/official_bundle.json', 'oof_predictions_path': '/home/user/bitoguard-hackathon/bitoguard_core/artifacts/official_features/official_oof_predictions.parquet'}, 'validation_report_path': 'bitoguard_core/artifacts/reports/official_validation_report.json', 'prediction_rows': 12753, 'selected_threshold': 0.2033}
